18-Nov-2024 19:32:03.444 INFO [main] org.apache.catalina.core.ApplicationContext.log 2 Spring WebApplicationInitializers detected on classpath
18-Nov-2024 19:32:08.125 INFO [main] org.apache.catalina.core.ApplicationContext.log Initializing Spring embedded WebApplicationContext
18-Nov-2024 19:36:52.040 INFO [main] org.apache.catalina.core.ApplicationContext.log 2 Spring WebApplicationInitializers detected on classpath
18-Nov-2024 19:36:56.359 INFO [main] org.apache.catalina.core.ApplicationContext.log Initializing Spring embedded WebApplicationContext
18-Nov-2024 19:43:45.625 INFO [main] org.apache.catalina.core.ApplicationContext.log 2 Spring WebApplicationInitializers detected on classpath
18-Nov-2024 19:43:50.999 INFO [main] org.apache.catalina.core.ApplicationContext.log Initializing Spring embedded WebApplicationContext
18-Nov-2024 20:15:04.768 INFO [Thread-2] org.apache.catalina.core.ApplicationContext.log Closing Spring root WebApplicationContext
18-Nov-2024 20:15:14.617 INFO [main] org.apache.catalina.core.ApplicationContext.log 2 Spring WebApplicationInitializers detected on classpath
18-Nov-2024 20:15:19.846 INFO [main] org.apache.catalina.core.ApplicationContext.log Initializing Spring embedded WebApplicationContext
18-Nov-2024 20:36:21.594 INFO [Thread-2] org.apache.catalina.core.ApplicationContext.log Closing Spring root WebApplicationContext
18-Nov-2024 21:44:08.778 INFO [main] org.apache.catalina.core.ApplicationContext.log 2 Spring WebApplicationInitializers detected on classpath
18-Nov-2024 21:44:14.201 INFO [main] org.apache.catalina.core.ApplicationContext.log Initializing Spring embedded WebApplicationContext
18-Nov-2024 21:51:17.599 INFO [http-nio-8080-exec-1] org.apache.catalina.core.ApplicationContext.log Initializing Spring DispatcherServlet 'dispatcherServlet'
18-Nov-2024 21:59:43.667 INFO [Thread-2] org.apache.catalina.core.ApplicationContext.log Destroying Spring FrameworkServlet 'dispatcherServlet'
18-Nov-2024 21:59:43.667 INFO [Thread-2] org.apache.catalina.core.ApplicationContext.log Closing Spring root WebApplicationContext
18-Nov-2024 21:59:52.468 INFO [main] org.apache.catalina.core.ApplicationContext.log 2 Spring WebApplicationInitializers detected on classpath
18-Nov-2024 21:59:57.367 INFO [main] org.apache.catalina.core.ApplicationContext.log Initializing Spring embedded WebApplicationContext
18-Nov-2024 22:00:11.572 INFO [http-nio-8080-exec-1] org.apache.catalina.core.ApplicationContext.log Initializing Spring DispatcherServlet 'dispatcherServlet'
18-Nov-2024 22:29:34.917 INFO [Thread-2] org.apache.catalina.core.ApplicationContext.log Destroying Spring FrameworkServlet 'dispatcherServlet'
18-Nov-2024 22:29:34.918 INFO [Thread-2] org.apache.catalina.core.ApplicationContext.log Closing Spring root WebApplicationContext
18-Nov-2024 22:29:44.001 INFO [main] org.apache.catalina.core.ApplicationContext.log 2 Spring WebApplicationInitializers detected on classpath
18-Nov-2024 22:29:49.674 INFO [main] org.apache.catalina.core.ApplicationContext.log Initializing Spring embedded WebApplicationContext
18-Nov-2024 22:30:05.945 INFO [http-nio-8080-exec-1] org.apache.catalina.core.ApplicationContext.log Initializing Spring DispatcherServlet 'dispatcherServlet'
18-Nov-2024 22:31:17.459 INFO [Thread-2] org.apache.catalina.core.ApplicationContext.log Destroying Spring FrameworkServlet 'dispatcherServlet'
18-Nov-2024 22:31:17.459 INFO [Thread-2] org.apache.catalina.core.ApplicationContext.log Closing Spring root WebApplicationContext
18-Nov-2024 22:31:25.829 INFO [main] org.apache.catalina.core.ApplicationContext.log 2 Spring WebApplicationInitializers detected on classpath
18-Nov-2024 22:31:31.300 INFO [main] org.apache.catalina.core.ApplicationContext.log Initializing Spring embedded WebApplicationContext
18-Nov-2024 22:31:47.877 INFO [http-nio-8080-exec-1] org.apache.catalina.core.ApplicationContext.log Initializing Spring DispatcherServlet 'dispatcherServlet'
18-Nov-2024 22:35:36.890 INFO [Thread-2] org.apache.catalina.core.ApplicationContext.log Destroying Spring FrameworkServlet 'dispatcherServlet'
18-Nov-2024 22:35:36.890 INFO [Thread-2] org.apache.catalina.core.ApplicationContext.log Closing Spring root WebApplicationContext
18-Nov-2024 22:35:43.758 INFO [main] org.apache.catalina.core.ApplicationContext.log 2 Spring WebApplicationInitializers detected on classpath
18-Nov-2024 22:35:48.850 INFO [main] org.apache.catalina.core.ApplicationContext.log Initializing Spring embedded WebApplicationContext
18-Nov-2024 22:36:35.637 INFO [http-nio-8080-exec-1] org.apache.catalina.core.ApplicationContext.log Initializing Spring DispatcherServlet 'dispatcherServlet'
18-Nov-2024 22:38:33.335 INFO [Thread-2] org.apache.catalina.core.ApplicationContext.log Destroying Spring FrameworkServlet 'dispatcherServlet'
18-Nov-2024 22:38:33.335 INFO [Thread-2] org.apache.catalina.core.ApplicationContext.log Closing Spring root WebApplicationContext
18-Nov-2024 22:38:41.182 INFO [main] org.apache.catalina.core.ApplicationContext.log 2 Spring WebApplicationInitializers detected on classpath
18-Nov-2024 22:38:46.243 INFO [main] org.apache.catalina.core.ApplicationContext.log Initializing Spring embedded WebApplicationContext
18-Nov-2024 22:39:14.779 INFO [http-nio-8080-exec-1] org.apache.catalina.core.ApplicationContext.log Initializing Spring DispatcherServlet 'dispatcherServlet'
18-Nov-2024 22:39:28.061 INFO [Thread-2] org.apache.catalina.core.ApplicationContext.log Destroying Spring FrameworkServlet 'dispatcherServlet'
18-Nov-2024 22:39:28.062 INFO [Thread-2] org.apache.catalina.core.ApplicationContext.log Closing Spring root WebApplicationContext
18-Nov-2024 22:45:44.907 INFO [main] org.apache.catalina.core.ApplicationContext.log 2 Spring WebApplicationInitializers detected on classpath
18-Nov-2024 22:45:49.810 INFO [main] org.apache.catalina.core.ApplicationContext.log Initializing Spring embedded WebApplicationContext
18-Nov-2024 22:49:50.727 INFO [main] org.apache.catalina.core.ApplicationContext.log 2 Spring WebApplicationInitializers detected on classpath
18-Nov-2024 22:49:55.840 INFO [main] org.apache.catalina.core.ApplicationContext.log Initializing Spring embedded WebApplicationContext
18-Nov-2024 22:54:13.408 INFO [main] org.apache.catalina.core.ApplicationContext.log 2 Spring WebApplicationInitializers detected on classpath
18-Nov-2024 22:54:18.497 INFO [main] org.apache.catalina.core.ApplicationContext.log Initializing Spring embedded WebApplicationContext
18-Nov-2024 22:56:39.449 INFO [main] org.apache.catalina.core.ApplicationContext.log 2 Spring WebApplicationInitializers detected on classpath
18-Nov-2024 22:56:44.752 INFO [main] org.apache.catalina.core.ApplicationContext.log Initializing Spring embedded WebApplicationContext
18-Nov-2024 23:01:10.434 INFO [main] org.apache.catalina.core.ApplicationContext.log 2 Spring WebApplicationInitializers detected on classpath
18-Nov-2024 23:01:15.959 INFO [main] org.apache.catalina.core.ApplicationContext.log Initializing Spring embedded WebApplicationContext
18-Nov-2024 23:07:42.527 INFO [main] org.apache.catalina.core.ApplicationContext.log 2 Spring WebApplicationInitializers detected on classpath
18-Nov-2024 23:07:48.093 INFO [main] org.apache.catalina.core.ApplicationContext.log Initializing Spring embedded WebApplicationContext
18-Nov-2024 23:11:00.264 INFO [http-nio-8080-exec-1] org.apache.catalina.core.ApplicationContext.log Initializing Spring DispatcherServlet 'dispatcherServlet'
18-Nov-2024 23:14:09.428 INFO [Thread-2] org.apache.catalina.core.ApplicationContext.log Destroying Spring FrameworkServlet 'dispatcherServlet'
18-Nov-2024 23:14:09.429 INFO [Thread-2] org.apache.catalina.core.ApplicationContext.log Closing Spring root WebApplicationContext
18-Nov-2024 23:14:17.938 INFO [main] org.apache.catalina.core.ApplicationContext.log 2 Spring WebApplicationInitializers detected on classpath
18-Nov-2024 23:14:22.773 INFO [main] org.apache.catalina.core.ApplicationContext.log Initializing Spring embedded WebApplicationContext
